[0.472s] Invoking command in '/home/leonciao/lidar_ws/src/lidar_ign_demo': PYTHONPATH=/home/leonciao/lidar_ws/build/lidar_ign_demo/prefix_override:/usr/lib/python3/dist-packages/colcon_core/task/python/colcon_distutils_commands:/home/leonciao/lidar_ws/install/lidar_ign_demo/lib/python3.10/site-packages:${PYTHONPATH} VIRTUAL_ENV_PROMPT=(.venv) /usr/bin/python3 -W ignore:setup.py install is deprecated -W ignore:easy_install command is deprecated setup.py egg_info --egg-base ../../build/lidar_ign_demo build --build-base /home/leonciao/lidar_ws/build/lidar_ign_demo/build install --record /home/leonciao/lidar_ws/build/lidar_ign_demo/install.log --single-version-externally-managed install_data
[0.639s] running egg_info
[0.640s] writing ../../build/lidar_ign_demo/lidar_ign_demo.egg-info/PKG-INFO
[0.640s] writing dependency_links to ../../build/lidar_ign_demo/lidar_ign_demo.egg-info/dependency_links.txt
[0.640s] writing entry points to ../../build/lidar_ign_demo/lidar_ign_demo.egg-info/entry_points.txt
[0.640s] writing requirements to ../../build/lidar_ign_demo/lidar_ign_demo.egg-info/requires.txt
[0.640s] writing top-level names to ../../build/lidar_ign_demo/lidar_ign_demo.egg-info/top_level.txt
[0.642s] reading manifest file '../../build/lidar_ign_demo/lidar_ign_demo.egg-info/SOURCES.txt'
[0.643s] writing manifest file '../../build/lidar_ign_demo/lidar_ign_demo.egg-info/SOURCES.txt'
[0.643s] running build
[0.643s] running build_py
[0.643s] running install
[0.643s] running install_lib
[0.644s] running install_data
[0.644s] running install_egg_info
[0.645s] removing '/home/leonciao/lidar_ws/install/lidar_ign_demo/lib/python3.10/site-packages/lidar_ign_demo-0.0.0-py3.10.egg-info' (and everything under it)
[0.646s] Copying ../../build/lidar_ign_demo/lidar_ign_demo.egg-info to /home/leonciao/lidar_ws/install/lidar_ign_demo/lib/python3.10/site-packages/lidar_ign_demo-0.0.0-py3.10.egg-info
[0.647s] running install_scripts
[0.663s] writing list of installed files to '/home/leonciao/lidar_ws/build/lidar_ign_demo/install.log'
[0.685s] Invoked command in '/home/leonciao/lidar_ws/src/lidar_ign_demo' returned '0': PYTHONPATH=/home/leonciao/lidar_ws/build/lidar_ign_demo/prefix_override:/usr/lib/python3/dist-packages/colcon_core/task/python/colcon_distutils_commands:/home/leonciao/lidar_ws/install/lidar_ign_demo/lib/python3.10/site-packages:${PYTHONPATH} VIRTUAL_ENV_PROMPT=(.venv) /usr/bin/python3 -W ignore:setup.py install is deprecated -W ignore:easy_install command is deprecated setup.py egg_info --egg-base ../../build/lidar_ign_demo build --build-base /home/leonciao/lidar_ws/build/lidar_ign_demo/build install --record /home/leonciao/lidar_ws/build/lidar_ign_demo/install.log --single-version-externally-managed install_data
